This is pdfeTeX, Version 3.141592-1.21a-2.2 (Web2C 7.5.4) (format=pdflatex 2008.6.13)  22 SEP 2008 08:55
entering extended mode
**errata2ndEd20061002.tex
(./errata2ndEd20061002.tex
LaTeX2e <2003/12/01>
Babel <v3.8d> and hyphenation patterns for american, french, german, ngerman, b
ahasa, basque, bulgarian, catalan, croatian, czech, danish, dutch, esperanto, e
stonian, finnish, greek, icelandic, irish, italian, latin, magyar, norsk, polis
h, portuges, romanian, russian, serbian, slovak, slovene, spanish, swedish, tur
kish, ukrainian, nohyphenation, loaded.
(/usr/share/texmf/tex/latex/base/latex209.def
File: latex209.def 1998/05/13 v0.52 Standard LaTeX file


          Entering LaTeX 2.09 COMPATIBILITY MODE
 *************************************************************
    !!WARNING!!    !!WARNING!!    !!WARNING!!    !!WARNING!!   
 
 This mode attempts to provide an emulation of the LaTeX 2.09
 author environment so that OLD documents can be successfully
 processed. It should NOT be used for NEW documents!
 
 New documents should use Standard LaTeX conventions and start
 with the \documentclass command.
 
 Compatibility mode is UNLIKELY TO WORK with LaTeX 2.09 style
 files that change any internal macros, especially not with
 those that change the FONT SELECTION or OUTPUT ROUTINES.
 
 Therefore such style files MUST BE UPDATED to use
          Current Standard LaTeX: LaTeX2e.
 If you suspect that you may be using such a style file, which
 is probably very, very old by now, then you should attempt to
 get it updated by sending a copy of this error message to the
 author of that file.
 *************************************************************

\footheight=\dimen102
\@maxsep=\dimen103
\@dblmaxsep=\dimen104
\@cla=\count79
\@clb=\count80
\mscount=\count81
(/usr/share/texmf/tex/latex/base/tracefnt.sty
Package: tracefnt 1997/05/29 v3.0j Standard LaTeX package (font tracing)
\tracingfonts=\count82
LaTeX Info: Redefining \selectfont on input line 101.
)
\symbold=\mathgroup4
\symsans=\mathgroup5
\symtypewriter=\mathgroup6
\symitalic=\mathgroup7
\symsmallcaps=\mathgroup8
\symslanted=\mathgroup9
LaTeX Font Info:    Redeclaring math alphabet \mathbf on input line 293.
LaTeX Font Info:    Redeclaring math alphabet \mathsf on input line 294.
LaTeX Font Info:    Redeclaring math alphabet \mathtt on input line 295.
LaTeX Font Info:    Redeclaring math alphabet \mathit on input line 301.
LaTeX Info: Redefining \em on input line 311.

(/usr/share/texmf/tex/latex/base/latexsym.sty
Package: latexsym 1998/08/17 v2.2e Standard LaTeX package (lasy symbols)
\symlasy=\mathgroup10
LaTeX Font Info:    Overwriting symbol font `lasy' in version `bold'
(Font)                  U/lasy/m/n --> U/lasy/b/n on input line 47.
)
LaTeX Font Info:    Redeclaring math delimiter \lgroup on input line 375.
LaTeX Font Info:    Redeclaring math delimiter \rgroup on input line 377.
LaTeX Font Info:    Redeclaring math delimiter \bracevert on input line 379.

(/usr/share/texmf/tex/latex/base/latex209.cfg
File: latex209.cfg 2001/06/05 v1.0 teTeX customized LaTeX 2.09 compatibility mo
de setup
)
(/usr/share/texmf/tex/latex/tools/rawfonts.sty
Package: rawfonts 1994/05/08 Low-level LaTeX 2.09 font compatibility

(/usr/share/texmf/tex/latex/tools/somedefs.sty
Package: somedefs 1994/06/01 v0.03 Toolkit for optional definitions
)
LaTeX Font Info:    Try loading font information for U+lasy on input line 44.

(/usr/share/texmf/tex/latex/base/ulasy.fd
File: ulasy.fd 1998/08/17 v2.2e LaTeX symbol font definitions
))) (./mybook.cls
Document Class: mybook 1997/03/26 v1.2r
\linespacing=\dimen105
\normalparindent=\dimen106
\normaltopskip=\skip41
(/usr/share/texmf/tex/latex/amsmath/amsgen.sty
File: amsgen.sty 1999/11/30 v2.0
\@emptytoks=\toks14
\ex@=\dimen107
)
(/usr/share/texmf/tex/latex/amsmath/amstex.sty
Package: amstex 1999/11/15 v1.2f AMS extra math features
\@mathmargin=\skip42
\@emptytoks=\toks15
\ex@=\dimen108
\Mathstrutbox@=\box26
\strutbox@=\box27
\big@size=\dimen109
\pmbraise@=\dimen110
LaTeX Info: Redefining \frac on input line 350.
LaTeX Info: Redefining \nobreakspace on input line 395.
\classnum@=\count83
\DOTSCASE@=\count84
LaTeX Info: Redefining \dots on input line 601.
LaTeX Info: Redefining \ldots on input line 684.
LaTeX Info: Redefining \cdots on input line 688.
LaTeX Font Info:    Redeclaring math symbol \Gamma on input line 713.
LaTeX Font Info:    Redeclaring math symbol \Delta on input line 714.
LaTeX Font Info:    Redeclaring math symbol \Theta on input line 715.
LaTeX Font Info:    Redeclaring math symbol \Lambda on input line 716.
LaTeX Font Info:    Redeclaring math symbol \Xi on input line 717.
LaTeX Font Info:    Redeclaring math symbol \Pi on input line 718.
LaTeX Font Info:    Redeclaring math symbol \Sigma on input line 719.
LaTeX Font Info:    Redeclaring math symbol \Upsilon on input line 720.
LaTeX Font Info:    Redeclaring math symbol \Phi on input line 721.
LaTeX Font Info:    Redeclaring math symbol \Psi on input line 722.
LaTeX Font Info:    Redeclaring math symbol \Omega on input line 723.
LaTeX Font Info:    Redeclaring font encoding OML on input line 739.
LaTeX Font Info:    Redeclaring font encoding OMS on input line 740.
\skewcharcount@=\count85
\familycount@=\count86
\pointcount@=\count87
\accentdimen@=\dimen111
\accentmu@=\count88
\dspbrk@lvl=\count89
\tag@help=\toks16
\c@MaxMatrixCols=\count90
\dotsspace@=\muskip10
\and@=\count91
\andhelp@=\toks17
\@envbody=\toks18
\hashtoks@=\toks19
\atcount@=\count92
\lwidth@=\dimen112
\rwidth@=\dimen113
\maxlwidth@=\dimen114
\maxrwidth@=\dimen115
\totwidth@=\dimen116
\lineht@=\dimen117
\savealignat@=\box28
\gwidth@=\dimen118
\gmaxwidth@=\dimen119
\glineht@=\dimen120
\multlinegap=\dimen121
\multlinetaggap@=\dimen122
\mwidth@=\dimen123
\mlineht@=\dimen124
\mtagbox@=\box29
\ltwidth@=\dimen125
\rtwidth@=\dimen126
\c@parentequation=\count93
\athelp@=\toks20
\minaw@=\dimen127
\bigaw@=\dimen128
\uproot@=\count94
\leftroot@=\count95
\symAMSa=\mathgroup11
\symAMSb=\mathgroup12
LaTeX Font Info:    Overwriting math alphabet `\mathfrak' in version `bold'
(Font)                  U/euf/m/n --> U/euf/b/n on input line 1996.
LaTeX Info: Redefining \nobreakspace on input line 2041.
)
Compatibility mode: definition of \rm ignored.
Compatibility mode: definition of \sf ignored.
Compatibility mode: definition of \tt ignored.
Compatibility mode: definition of \bf ignored.
Compatibility mode: definition of \it ignored.
Compatibility mode: definition of \sl ignored.
Compatibility mode: definition of \sc ignored.
\abstractbox=\box30
\listisep=\skip43
\c@part=\count96
\c@chapter=\count97
\c@section=\count98
\c@subsection=\count99
\c@subsubsection=\count100
\c@paragraph=\count101
\c@figure=\count102
\c@table=\count103
\abovecaptionskip=\skip44
\belowcaptionskip=\skip45
\captionindent=\dimen129

(/usr/share/texmf/tex/latex/amscls/amsthm.sty
Package: amsthm 2004/08/06 v2.20
\thm@style=\toks21
\thm@bodyfont=\toks22
\thm@headfont=\toks23
\thm@notefont=\toks24
\thm@headpunct=\toks25
\thm@preskip=\skip46
\thm@postskip=\skip47
\thm@headsep=\skip48
\dth@everypar=\toks26
))
(/usr/share/texmf/tex/latex/amsmath/amscd.sty
Package: amscd 1999/11/29 v1.2d
\minCDarrowwidth=\dimen130
) (./myidx.sty)

! LaTeX Error: File `psfig.sty' not found.

Type X to quit or <RETURN> to proceed,
or enter new name. (Default extension: sty)

Enter file name: 
\c@theorem=\count104
\c@example=\count105
\c@lineno=\count106
\c@linelineno=\count107
\c@linelinelineno=\count108
\c@linelinelinelineno=\count109
\c@algnum=\count110
No file errata2ndEd20061002.aux.
\openout1 = `errata2ndEd20061002.aux'.

LaTeX Font Info:    Checking defaults for OML/cmm/m/it on input line 253.
LaTeX Font Info:    ... okay on input line 253.
LaTeX Font Info:    Checking defaults for T1/cmr/m/n on input line 253.
LaTeX Font Info:    ... okay on input line 253.
LaTeX Font Info:    Checking defaults for OT1/cmr/m/n on input line 253.
LaTeX Font Info:    ... okay on input line 253.
LaTeX Font Info:    Checking defaults for OMS/cmsy/m/n on input line 253.
LaTeX Font Info:    ... okay on input line 253.
LaTeX Font Info:    Checking defaults for OMX/cmex/m/n on input line 253.
LaTeX Font Info:    ... okay on input line 253.
LaTeX Font Info:    Checking defaults for U/cmr/m/n on input line 253.
LaTeX Font Info:    ... okay on input line 253.
LaTeX Font Info:    External font `cmex10' loaded for size
(Font)              <7> on input line 253.
LaTeX Font Info:    External font `cmex10' loaded for size
(Font)              <5> on input line 253.
LaTeX Font Info:    Try loading font information for U+msa on input line 253.
(/usr/share/texmf/tex/latex/amsfonts/umsa.fd
File: umsa.fd 2002/01/19 v2.2g AMS font definitions
)
LaTeX Font Info:    Try loading font information for U+msb on input line 253.

(/usr/share/texmf/tex/latex/amsfonts/umsb.fd
File: umsb.fd 2002/01/19 v2.2g AMS font definitions
)
LaTeX Font Info:    External font `cmex10' loaded for size
(Font)              <12> on input line 278.
LaTeX Font Info:    External font `cmex10' loaded for size
(Font)              <8> on input line 278.
LaTeX Font Info:    External font `cmex10' loaded for size
(Font)              <6> on input line 278.
 [1{/usr/share/texmf-var/fonts/map/pdftex/updmap/pdftex.map}] (./errata2ndEd200
61002.aux) ) 
Here is how much of TeX's memory you used:
 1647 strings out of 94500
 16778 string characters out of 1176766
 64965 words of memory out of 1000000
 4648 multiletter control sequences out of 10000+50000
 28847 words of font info for 109 fonts, out of 500000 for 2000
 741 hyphenation exceptions out of 1000
 25i,6n,24p,289b,160s stack positions out of 1500i,500n,5000p,200000b,5000s
PDF statistics:
 37 PDF objects out of 300000
 0 named destinations out of 131072
 1 words of extra memory for PDF output out of 65536
</usr/share/texmf/fonts/type1/bluesky/cm/cmr9.pfb></usr/share/texmf
/fonts/type1/bluesky/cm/cmr6.pfb></usr/share/texmf/fonts/type1/bluesky/cm/cmsy1
0.pfb></usr/share/texmf/fonts/type1/bluesky/cm/cmmi8.pfb></usr/share/texmf/font
s/type1/bluesky/cm/cmr8.pfb></usr/share/texmf/fonts/type1/bluesky/cm/cmex10.pfb
></usr/share/texmf/fonts/type1/bluesky/cm/cmr7.pfb></usr/share/texmf/fonts/type
1/bluesky/cm/cmmi12.pfb></usr/share/texmf/fonts/type1/bluesky/cm/cmbx12.pfb></u
sr/share/texmf/fonts/type1/bluesky/cm/cmr12.pfb></usr/share/texmf/fonts/type1/b
luesky/cm/cmti12.pfb>
Output written on errata2ndEd20061002.pdf (1 page, 44271 bytes).
